# JRE version: OpenJDK Runtime Environment JBR-17.0.14+1-1367.22-nomod (17.0.14+1) (build 17.0.14+1-b1367.22)
# Java VM: OpenJDK 64-Bit Server VM JBR-17.0.14+1-1367.22-nomod (17.0.14+1-b1367.22, mixed mode, sharing, tiered, compressed oops, compressed class ptrs, g1 gc, windows-amd64)
GC Precious Log:
 CPUs: 2 total, 2 available
 Memory: 3737M
 Large Page Support: Disabled
 NUMA Support: Disabled
 Compressed Oops: Enabled (32-bit)
 Heap Region Size: 1M
 Heap Min Capacity: 8M
 Heap Initial Capacity: 60M
 Heap Max Capacity: 936M
 Pre-touch: Disabled
 Parallel Workers: 2
 Concurrent Workers: 1
 Concurrent Refinement Workers: 2
 Periodic GC: Disabled
Heap:
 garbage-first heap   total 63488K, used 43879K [0x00000000c5800000, 0x0000000100000000)
  region size 1024K, 12 young (12288K), 2 survivors (2048K)
 Metaspace       used 42662K, committed 42880K, reserved 1114112K
  class space    used 5399K, committed 5504K, reserved 1048576K
GC Heap History (20 events):
Event: 1.168 GC heap before
{Heap before GC invocations=1 (full 0):
 garbage-first heap   total 61440K, used 11079K [0x00000000c5800000, 0x0000000100000000)
  region size 1024K, 6 young (6144K), 1 survivors (1024K)
 Metaspace       used 3477K, committed 3648K, reserved 1114112K
  class space    used 266K, committed 320K, reserved 1048576K
}
Event: 1.170 GC heap after
{Heap after GC invocations=2 (full 0):
 garbage-first heap   total 61440K, used 6343K [0x00000000c5800000, 0x0000000100000000)
  region size 1024K, 1 young (1024K), 1 survivors (1024K)
 Metaspace       used 3477K, committed 3648K, reserved 1114112K
  class space    used 266K, committed 320K, reserved 1048576K
}
Event: 1.625 GC heap before
{Heap before GC invocations=2 (full 0):
 garbage-first heap   total 61440K, used 17607K [0x00000000c5800000, 0x0000000100000000)
  region size 1024K, 13 young (13312K), 1 survivors (1024K)
 Metaspace       used 6435K, committed 6592K, reserved 1114112K
  class space    used 644K, committed 704K, reserved 1048576K
}
Event: 1.629 GC heap after
{Heap after GC invocations=3 (full 0):
 garbage-first heap   total 61440K, used 7483K [0x00000000c5800000, 0x0000000100000000)
  region size 1024K, 2 young (2048K), 2 survivors (2048K)
 Metaspace       used 6435K, committed 6592K, reserved 1114112K
  class space    used 644K, committed 704K, reserved 1048576K
}
Event: 4.046 GC heap before
{Heap before GC invocations=3 (full 0):
 garbage-first heap   total 61440K, used 42299K [0x00000000c5800000, 0x0000000100000000)
  region size 1024K, 36 young (36864K), 2 survivors (2048K)
 Metaspace       used 14284K, committed 14464K, reserved 1114112K
  class space    used 1672K, committed 1792K, reserved 1048576K
}
Event: 4.061 GC heap after
{Heap after GC invocations=4 (full 0):
 garbage-first heap   total 61440K, used 11122K [0x00000000c5800000, 0x0000000100000000)
  region size 1024K, 5 young (5120K), 5 survivors (5120K)
 Metaspace       used 14284K, committed 14464K, reserved 1114112K
  class space    used 1672K, committed 1792K, reserved 1048576K
}
Event: 6.563 GC heap before
{Heap before GC invocations=4 (full 0):
 garbage-first heap   total 61440K, used 41842K [0x00000000c5800000, 0x0000000100000000)
  region size 1024K, 32 young (32768K), 5 survivors (5120K)
 Metaspace       used 21265K, committed 21504K, reserved 1114112K
  class space    used 2574K, committed 2688K, reserved 1048576K
}
Event: 6.578 GC heap after
{Heap after GC invocations=5 (full 0):
 garbage-first heap   total 61440K, used 17637K [0x00000000c5800000, 0x0000000100000000)
  region size 1024K, 3 young (3072K), 3 survivors (3072K)
 Metaspace       used 21265K, committed 21504K, reserved 1114112K
  class space    used 2574K, committed 2688K, reserved 1048576K
}
Event: 8.086 GC heap before
{Heap before GC invocations=6 (full 0):
 garbage-first heap   total 61440K, used 44261K [0x00000000c5800000, 0x0000000100000000)
  region size 1024K, 28 young (28672K), 3 survivors (3072K)
 Metaspace       used 24952K, committed 25280K, reserved 1114112K
  class space    used 3291K, committed 3456K, reserved 1048576K
}
Event: 8.104 GC heap after
{Heap after GC invocations=7 (full 0):
 garbage-first heap   total 61440K, used 24935K [0x00000000c5800000, 0x0000000100000000)
  region size 1024K, 4 young (4096K), 4 survivors (4096K)
 Metaspace       used 24952K, committed 25280K, reserved 1114112K
  class space    used 3291K, committed 3456K, reserved 1048576K
}
Event: 8.912 GC heap before
{Heap before GC invocations=7 (full 0):
 garbage-first heap   total 61440K, used 44391K [0x00000000c5800000, 0x0000000100000000)
  region size 1024K, 23 young (23552K), 4 survivors (4096K)
 Metaspace       used 29200K, committed 29440K, reserved 1114112K
  class space    used 3980K, committed 4096K, reserved 1048576K
}
Event: 8.925 GC heap after
{Heap after GC invocations=8 (full 0):
 garbage-first heap   total 61440K, used 25953K [0x00000000c5800000, 0x0000000100000000)
  region size 1024K, 3 young (3072K), 3 survivors (3072K)
 Metaspace       used 29200K, committed 29440K, reserved 1114112K
  class space    used 3980K, committed 4096K, reserved 1048576K
}
Event: 9.611 GC heap before
{Heap before GC invocations=8 (full 0):
 garbage-first heap   total 61440K, used 44385K [0x00000000c5800000, 0x0000000100000000)
  region size 1024K, 22 young (22528K), 3 survivors (3072K)
 Metaspace       used 33071K, committed 33280K, reserved 1114112K
  class space    used 4377K, committed 4480K, reserved 1048576K
}
Event: 9.620 GC heap after
{Heap after GC invocations=9 (full 0):
 garbage-first heap   total 61440K, used 27648K [0x00000000c5800000, 0x0000000100000000)
  region size 1024K, 2 young (2048K), 2 survivors (2048K)
 Metaspace       used 33071K, committed 33280K, reserved 1114112K
  class space    used 4377K, committed 4480K, reserved 1048576K
}
Event: 10.200 GC heap before
{Heap before GC invocations=9 (full 0):
 garbage-first heap   total 61440K, used 40960K [0x00000000c5800000, 0x0000000100000000)
  region size 1024K, 17 young (17408K), 2 survivors (2048K)
 Metaspace       used 35821K, committed 36096K, reserved 1114112K
  class space    used 4647K, committed 4800K, reserved 1048576K
}
Event: 10.208 GC heap after
{Heap after GC invocations=10 (full 0):
 garbage-first heap   total 61440K, used 29343K [0x00000000c5800000, 0x0000000100000000)
  region size 1024K, 2 young (2048K), 2 survivors (2048K)
 Metaspace       used 35821K, committed 36096K, reserved 1114112K
  class space    used 4647K, committed 4800K, reserved 1048576K
}
Event: 12.224 GC heap before
{Heap before GC invocations=11 (full 0):
 garbage-first heap   total 61440K, used 45727K [0x00000000c5800000, 0x0000000100000000)
  region size 1024K, 19 young (19456K), 2 survivors (2048K)
 Metaspace       used 39780K, committed 40064K, reserved 1114112K
  class space    used 5084K, committed 5184K, reserved 1048576K
}
Event: 12.235 GC heap after
{Heap after GC invocations=12 (full 0):
 garbage-first heap   total 61440K, used 31950K [0x00000000c5800000, 0x0000000100000000)
  region size 1024K, 3 young (3072K), 3 survivors (3072K)
 Metaspace       used 39780K, committed 40064K, reserved 1114112K
  class space    used 5084K, committed 5184K, reserved 1048576K
}
Event: 13.040 GC heap before
{Heap before GC invocations=12 (full 0):
 garbage-first heap   total 61440K, used 42190K [0x00000000c5800000, 0x0000000100000000)
  region size 1024K, 14 young (14336K), 3 survivors (3072K)
 Metaspace       used 41840K, committed 42112K, reserved 1114112K
  class space    used 5316K, committed 5440K, reserved 1048576K
}
Event: 13.050 GC heap after
{Heap after GC invocations=13 (full 0):
 garbage-first heap   total 61440K, used 33639K [0x00000000c5800000, 0x0000000100000000)
  region size 1024K, 2 young (2048K), 2 survivors (2048K)
 Metaspace       used 41840K, committed 42112K, reserved 1114112K
  class space    used 5316K, committed 5440K, reserved 1048576K
}

